<?xml version="1.0" encoding="UTF-8"?>
<testng-results ignored="0" total="3" passed="3" failed="0" skipped="0">
  <reporter-output>
  </reporter-output>
  <suite started-at="2025-03-24T16:23:17 IST" name="Default suite" finished-at="2025-03-24T16:23:21 IST" duration-ms="3437">
    <groups>
    </groups>
    <test started-at="2025-03-24T16:23:17 IST" name="Default test" finished-at="2025-03-24T16:23:21 IST" duration-ms="3437">
      <class name="Tests.PutPatchDelete">
        <test-method signature="testDelete()[pri:0, instance:Tests.PutPatchDelete@62379589]" started-at="2025-03-24T16:23:17 IST" name="testDelete" finished-at="2025-03-24T16:23:19 IST" duration-ms="2030" status="PASS">
          <reporter-output>
          </reporter-output>
        </test-method> <!-- testDelete -->
        <test-method signature="testPatch()[pri:0, instance:Tests.PutPatchDelete@62379589]" started-at="2025-03-24T16:23:19 IST" name="testPatch" finished-at="2025-03-24T16:23:20 IST" duration-ms="961" status="PASS">
          <reporter-output>
          </reporter-output>
        </test-method> <!-- testPatch -->
        <test-method signature="testPut()[pri:0, instance:Tests.PutPatchDelete@62379589]" started-at="2025-03-24T16:23:20 IST" name="testPut" finished-at="2025-03-24T16:23:21 IST" duration-ms="386" status="PASS">
          <reporter-output>
          </reporter-output>
        </test-method> <!-- testPut -->
      </class> <!-- Tests.PutPatchDelete -->
    </test> <!-- Default test -->
  </suite> <!-- Default suite -->
</testng-results>
