<?xml version="1.0" encoding="UTF-8"?>
<testng-results ignored="0" total="2" passed="2" failed="0" skipped="0">
  <reporter-output>
  </reporter-output>
  <suite started-at="2025-03-21T17:22:29 IST" name="Default suite" finished-at="2025-03-21T17:22:32 IST" duration-ms="2777">
    <groups>
    </groups>
    <test started-at="2025-03-21T17:22:29 IST" name="Default test" finished-at="2025-03-21T17:22:32 IST" duration-ms="2777">
      <class name="Tests.GetAndPostExamples">
        <test-method signature="testGet()[pri:0, instance:Tests.GetAndPostExamples@3754a4bf]" started-at="2025-03-21T17:22:29 IST" name="testGet" finished-at="2025-03-21T17:22:31 IST" duration-ms="2208" status="PASS">
          <reporter-output>
          </reporter-output>
        </test-method> <!-- testGet -->
        <test-method signature="testPost()[pri:0, instance:Tests.GetAndPostExamples@3754a4bf]" started-at="2025-03-21T17:22:31 IST" name="testPost" finished-at="2025-03-21T17:22:32 IST" duration-ms="518" status="PASS">
          <reporter-output>
          </reporter-output>
        </test-method> <!-- testPost -->
      </class> <!-- Tests.GetAndPostExamples -->
    </test> <!-- Default test -->
  </suite> <!-- Default suite -->
</testng-results>
